2019-05-11T03:41:24+00:00 CRITICAL Maximum execution time of 30 seconds exceeded in C:\xampp\htdocs\wp\wp-content\plugins\premium-addons-for-elementor\admin\settings\elements.php on line 5

2019-05-11T03:41:53+00:00 CRITICAL Maximum execution time of 30 seconds exceeded in C:\xampp\htdocs\wp\wp-includes\wp-db.php on line 2007

2019-05-11T03:42:03+00:00 CRITICAL Maximum execution time of 30 seconds exceeded in C:\xampp\htdocs\wp\wp-content\plugins\elementor-addon-widgets\vendor\codeinwp\themeisle-content-forms\class-themeisle-content-forms-elementor.php on line 5

2019-05-11T03:44:51+00:00 CRITICAL Maximum execution time of 30 seconds exceeded in C:\xampp\htdocs\wp\wp-content\plugins\woocommerce\includes\class-wc-shipping.php on line 11

2019-05-11T03:45:13+00:00 CRITICAL Maximum execution time of 30 seconds exceeded in C:\xampp\htdocs\wp\wp-content\plugins\elementor\includes\controls\popover-toggle.php on line 4

2019-05-11T03:45:13+00:00 CRITICAL Maximum execution time of 30 seconds exceeded in C:\xampp\htdocs\wp\wp-content\plugins\elementor\includes\controls\tab.php on line 4

2019-05-11T03:45:18+00:00 CRITICAL Maximum execution time of 30 seconds exceeded in C:\xampp\htdocs\wp\wp-content\plugins\elementor\modules\library\documents\library-document.php on line 7

2019-05-11T03:45:39+00:00 CRITICAL Maximum execution time of 30 seconds exceeded in C:\xampp\htdocs\wp\wp-content\plugins\ocean-extra\includes\menu-icons\includes\library\icon-selector\includes\types\foundation-icons.php on line 6

2019-05-11T06:42:36+00:00 CRITICAL Maximum execution time of 30 seconds exceeded in C:\xampp\htdocs\wp\wp-includes\widgets\class-wp-nav-menu-widget.php on line 17

2019-05-11T06:42:41+00:00 CRITICAL Maximum execution time of 30 seconds exceeded in C:\xampp\htdocs\wp\wp-content\plugins\mailchimp-for-woocommerce\admin\class-mailchimp-woocommerce-admin.php on line 23

2019-05-11T06:42:41+00:00 CRITICAL Maximum execution time of 30 seconds exceeded in C:\xampp\htdocs\wp\wp-content\plugins\ti-woocommerce-wishlist\tinv-wishlists-function.php on line 10

2019-05-11T06:42:43+00:00 CRITICAL Maximum execution time of 30 seconds exceeded in C:\xampp\htdocs\wp\wp-content\plugins\ti-woocommerce-wishlist\public\addtowishlist.class.php on line 10

2019-05-11T06:42:45+00:00 CRITICAL Maximum execution time of 30 seconds exceeded in C:\xampp\htdocs\wp\wp-content\plugins\woo-variation-swatches\includes\class-woo-variation-swatches-export-import.php on line 6

2019-05-11T06:42:45+00:00 CRITICAL Maximum execution time of 30 seconds exceeded in C:\xampp\htdocs\wp\wp-content\themes\oceanwp\functions.php on line 22

2019-05-11T06:42:46+00:00 CRITICAL Maximum execution time of 30 seconds exceeded in C:\xampp\htdocs\wp\wp-content\themes\oceanwp\inc\third\class-lifterlms.php on line 9

2019-05-11T06:42:49+00:00 CRITICAL Maximum execution time of 30 seconds exceeded in C:\xampp\htdocs\wp\wp-content\plugins\elementor\includes\schemes\base.php on line 4

2019-05-11T06:42:49+00:00 CRITICAL Maximum execution time of 30 seconds exceeded in C:\xampp\htdocs\wp\wp-content\plugins\elementor\includes\base\controls-stack.php on line 7

2019-05-11T07:05:25+00:00 CRITICAL Maximum execution time of 30 seconds exceeded in C:\xampp\htdocs\wp\wp-content\plugins\ocean-extra\includes\widgets\instagram.php on line 9

2019-05-11T07:29:55+00:00 CRITICAL Maximum execution time of 30 seconds exceeded in C:\xampp\htdocs\wp\wp-content\plugins\ocean-extra\includes\widgets\social-share.php on line 9

2019-05-11T07:31:56+00:00 CRITICAL Maximum execution time of 30 seconds exceeded in C:\xampp\htdocs\wp\wp-includes\Requests\Transport\cURL.php on line 441

2019-05-11T07:33:20+00:00 CRITICAL Maximum execution time of 30 seconds exceeded in C:\xampp\htdocs\wp\wp-includes\Requests\Transport\cURL.php on line 463

2019-05-11T07:35:24+00:00 CRITICAL Maximum execution time of 30 seconds exceeded in C:\xampp\htdocs\wp\wp-admin\includes\class-wp-filesystem-direct.php on line 58

2019-05-11T07:46:30+00:00 CRITICAL Maximum execution time of 30 seconds exceeded in C:\xampp\htdocs\wp\wp-includes\Requests\Transport\cURL.php on line 163

2019-05-11T07:46:30+00:00 CRITICAL Maximum execution time of 30 seconds exceeded in C:\xampp\htdocs\wp\wp-includes\Requests\Transport\cURL.php on line 163

2019-05-11T07:46:32+00:00 CRITICAL Maximum execution time of 30 seconds exceeded in C:\xampp\htdocs\wp\wp-content\plugins\woocommerce\includes\admin\class-wc-admin-post-types.php on line 9

2019-05-11T07:46:32+00:00 CRITICAL Maximum execution time of 30 seconds exceeded in C:\xampp\htdocs\wp\wp-content\plugins\woocommerce\includes\admin\class-wc-admin-taxonomies.php on line 10

2019-05-11T07:49:47+00:00 CRITICAL Maximum execution time of 30 seconds exceeded in C:\xampp\htdocs\wp\wp-content\plugins\ocean-extra\includes\widgets\social.php on line 9

2019-05-11T07:49:51+00:00 CRITICAL Maximum execution time of 30 seconds exceeded in C:\xampp\htdocs\wp\wp-content\plugins\woocommerce\includes\admin\class-wc-admin-assets.php on line 9

2019-05-11T07:49:55+00:00 CRITICAL Maximum execution time of 30 seconds exceeded in C:\xampp\htdocs\wp\wp-content\plugins\elementor\includes\widgets\accordion.php on line 4

2019-05-11T07:50:08+00:00 CRITICAL Maximum execution time of 30 seconds exceeded in C:\xampp\htdocs\wp\wp-includes\wp-db.php on line 2007

2019-05-11T07:50:08+00:00 CRITICAL Maximum execution time of 30 seconds exceeded in C:\xampp\htdocs\wp\wp-includes\wp-db.php on line 2007

2019-05-11T07:55:19+00:00 CRITICAL Maximum execution time of 30 seconds exceeded in C:\xampp\htdocs\wp\wp-content\plugins\ocean-extra\includes\widgets\instagram.php on line 9

2019-05-11T07:55:28+00:00 CRITICAL Maximum execution time of 30 seconds exceeded in C:\xampp\htdocs\wp\wp-includes\functions.php on line 5462

2019-05-11T07:56:17+00:00 CRITICAL Maximum execution time of 30 seconds exceeded in C:\xampp\htdocs\wp\wp-content\plugins\woocommerce\includes\admin\class-wc-admin-taxonomies.php on line 10

2019-05-11T07:56:24+00:00 CRITICAL Maximum execution time of 30 seconds exceeded in C:\xampp\htdocs\wp\wp-includes\Requests\Transport\cURL.php on line 441

2019-05-11T07:56:31+00:00 CRITICAL Maximum execution time of 30 seconds exceeded in C:\xampp\htdocs\wp\wp-content\plugins\essential-addons-for-elementor-lite\vendor\matthiasmullie\minify\src\Minify.php on line 26

2019-05-11T07:58:16+00:00 CRITICAL Maximum execution time of 30 seconds exceeded in C:\xampp\htdocs\wp\wp-includes\wp-db.php on line 2007

2019-05-11T07:58:19+00:00 CRITICAL Maximum execution time of 30 seconds exceeded in C:\xampp\htdocs\wp\wp-content\plugins\woocommerce\includes\tracks\class-wc-site-tracking.php on line 13

2019-05-11T07:59:52+00:00 CRITICAL Maximum execution time of 30 seconds exceeded in C:\xampp\htdocs\wp\wp-content\plugins\ocean-extra\includes\metabox\metabox.php on line 11

2019-05-11T07:59:52+00:00 CRITICAL Maximum execution time of 30 seconds exceeded in C:\xampp\htdocs\wp\wp-content\plugins\ocean-extra\includes\image-resizer.php on line 25

2019-05-11T08:02:44+00:00 CRITICAL Maximum execution time of 30 seconds exceeded in C:\xampp\htdocs\wp\wp-includes\Requests\Transport\cURL.php on line 163

2019-05-11T08:13:54+00:00 CRITICAL Maximum execution time of 30 seconds exceeded in C:\xampp\htdocs\wp\wp-content\plugins\elementor\includes\base\controls-stack.php on line 7

2019-05-11T08:28:35+00:00 CRITICAL Maximum execution time of 30 seconds exceeded in C:\xampp\htdocs\wp\wp-content\plugins\premium-addons-for-elementor\includes\helper-functions.php on line 5

2019-05-11T08:28:40+00:00 CRITICAL Maximum execution time of 30 seconds exceeded in C:\xampp\htdocs\wp\wp-admin\includes\class-wp-list-table.php on line 16

2019-05-11T08:28:49+00:00 CRITICAL Maximum execution time of 30 seconds exceeded in C:\xampp\htdocs\wp\wp-content\plugins\ocean-extra\includes\widgets\twitter.php on line 9

2019-05-11T08:28:49+00:00 CRITICAL Maximum execution time of 30 seconds exceeded in C:\xampp\htdocs\wp\wp-content\plugins\elementor-addon-widgets\vendor\codeinwp\elementor-extra-widgets\widgets\woo\class-eaw-wp-widget.php on line 9

2019-05-11T08:28:51+00:00 CRITICAL Maximum execution time of 30 seconds exceeded in C:\xampp\htdocs\wp\wp-includes\Requests\Transport\cURL.php on line 163

2019-05-11T08:28:51+00:00 CRITICAL Maximum execution time of 30 seconds exceeded in C:\xampp\htdocs\wp\wp-includes\Requests\Transport\cURL.php on line 163

2019-05-11T10:31:37+00:00 CRITICAL Maximum execution time of 30 seconds exceeded in C:\xampp\htdocs\wp\wp-includes\widgets\class-wp-widget-categories.php on line 17

2019-05-11T10:31:40+00:00 CRITICAL Maximum execution time of 30 seconds exceeded in C:\xampp\htdocs\wp\wp-content\plugins\contact-form-7\modules\quiz.php on line 8

2019-05-11T10:32:02+00:00 CRITICAL Maximum execution time of 30 seconds exceeded in C:\xampp\htdocs\wp\wp-content\plugins\elementor\includes\maintenance-mode.php on line 6

2019-05-11T10:33:54+00:00 CRITICAL Maximum execution time of 30 seconds exceeded in C:\xampp\htdocs\wp\wp-content\plugins\contact-form-7\modules\checkbox.php on line 8

2019-05-11T10:35:29+00:00 CRITICAL Maximum execution time of 30 seconds exceeded in C:\xampp\htdocs\wp\wp-content\plugins\essential-addons-for-elementor-lite\elements\Eael_Contact_Form_7.php on line 5

2019-05-11T10:35:51+00:00 CRITICAL Maximum execution time of 30 seconds exceeded in C:\xampp\htdocs\wp\wp-includes\wp-db.php on line 2007

2019-05-11T10:36:49+00:00 CRITICAL Maximum execution time of 30 seconds exceeded in C:\xampp\htdocs\wp\wp-content\plugins\contact-form-7\modules\acceptance.php on line 8

2019-05-11T10:36:49+00:00 CRITICAL Maximum execution time of 30 seconds exceeded in C:\xampp\htdocs\wp\wp-content\plugins\contact-form-7\modules\checkbox.php on line 8

2019-05-11T10:36:53+00:00 CRITICAL Maximum execution time of 30 seconds exceeded in C:\xampp\htdocs\wp\wp-content\plugins\woo-variation-swatches\includes\functions.php on line 9

2019-05-11T10:37:29+00:00 CRITICAL Maximum execution time of 30 seconds exceeded in C:\xampp\htdocs\wp\wp-content\plugins\elementor\includes\controls\image-dimensions.php on line 4

2019-05-11T10:42:02+00:00 CRITICAL Maximum execution time of 30 seconds exceeded in C:\xampp\htdocs\wp\wp-content\plugins\woo-variation-swatches\includes\themes-support.php on line 4

2019-05-11T10:42:20+00:00 CRITICAL Maximum execution time of 30 seconds exceeded in C:\xampp\htdocs\wp\wp-content\plugins\wpforms-lite\includes\fields\class-name.php on line 12

2019-05-11T11:04:05+00:00 CRITICAL Maximum execution time of 30 seconds exceeded in C:\xampp\htdocs\wp\wp-content\plugins\elementor\core\files\css\base.php on line 15

2019-05-11T11:12:14+00:00 CRITICAL Maximum execution time of 30 seconds exceeded in C:\xampp\htdocs\wp\wp-content\themes\oceanwp\partials\header\logo.php on line 9

2019-05-11T11:12:14+00:00 CRITICAL Maximum execution time of 30 seconds exceeded in C:\xampp\htdocs\wp\wp-admin\includes\theme.php on line 21

2019-05-11T11:12:58+00:00 CRITICAL Maximum execution time of 30 seconds exceeded in C:\xampp\htdocs\wp\wp-content\plugins\woo-variation-swatches\includes\class-woo-variation-swatches-export-import.php on line 6

2019-05-11T11:50:23+00:00 CRITICAL Maximum execution time of 30 seconds exceeded in C:\xampp\htdocs\wp\wp-content\plugins\wpforms-lite\src\Providers\Loader.php on line 14

2019-05-11T11:50:23+00:00 CRITICAL Maximum execution time of 30 seconds exceeded in C:\xampp\htdocs\wp\wp-content\plugins\wpforms-lite\autoloader.php on line 43

2019-05-11T11:50:38+00:00 CRITICAL Maximum execution time of 30 seconds exceeded in C:\xampp\htdocs\wp\wp-content\plugins\ocean-extra\includes\widgets\social.php on line 9

2019-05-11T11:50:45+00:00 CRITICAL Maximum execution time of 30 seconds exceeded in C:\xampp\htdocs\wp\wp-content\plugins\ocean-extra\includes\menu-icons\includes\library\icon-selector\includes\types\svg.php on line 7

2019-05-11T11:50:46+00:00 CRITICAL Maximum execution time of 30 seconds exceeded in C:\xampp\htdocs\wp\wp-content\plugins\ocean-extra\includes\menu-icons\includes\settings.php on line 10

2019-05-11T11:56:04+00:00 CRITICAL Maximum execution time of 30 seconds exceeded in C:\xampp\htdocs\wp\wp-admin\includes\plugin.php on line 68

2019-05-11T11:56:04+00:00 CRITICAL Maximum execution time of 30 seconds exceeded in C:\xampp\htdocs\wp\wp-content\plugins\woocommerce\includes\admin\plugin-updates\class-wc-plugin-updates.php on line 9

2019-05-11T11:56:10+00:00 CRITICAL Maximum execution time of 30 seconds exceeded in C:\xampp\htdocs\wp\wp-content\plugins\elementor\includes\autoloader.php on line 247

2019-05-11T11:56:11+00:00 CRITICAL Maximum execution time of 30 seconds exceeded in C:\xampp\htdocs\wp\wp-content\plugins\elementor\includes\autoloader.php on line 247

2019-05-11T11:56:11+00:00 CRITICAL Maximum execution time of 30 seconds exceeded in C:\xampp\htdocs\wp\wp-content\plugins\elementor\includes\tracker.php on line 4

2019-05-11T11:56:12+00:00 CRITICAL Maximum execution time of 30 seconds exceeded in C:\xampp\htdocs\wp\wp-content\plugins\ocean-extra\includes\widgets\about-me.php on line 9

2019-05-11T11:56:12+00:00 CRITICAL Maximum execution time of 30 seconds exceeded in C:\xampp\htdocs\wp\wp-content\plugins\ocean-extra\includes\widgets\contact-info.php on line 9

2019-05-11T11:56:13+00:00 CRITICAL Maximum execution time of 30 seconds exceeded in C:\xampp\htdocs\wp\wp-content\plugins\ocean-extra\includes\widgets\flickr.php on line 9

2019-05-11T11:56:14+00:00 CRITICAL Maximum execution time of 30 seconds exceeded in C:\xampp\htdocs\wp\wp-content\plugins\ocean-extra\includes\widgets\instagram.php on line 9

2019-05-11T11:56:14+00:00 CRITICAL Maximum execution time of 30 seconds exceeded in C:\xampp\htdocs\wp\wp-content\plugins\ocean-extra\includes\widgets\instagram.php on line 9

2019-05-11T11:57:07+00:00 CRITICAL Maximum execution time of 30 seconds exceeded in C:\xampp\htdocs\wp\wp-content\plugins\premium-addons-for-elementor\widgets\premium-counter.php on line 4

2019-05-11T12:07:32+00:00 CRITICAL Maximum execution time of 30 seconds exceeded in C:\xampp\htdocs\wp\wp-content\plugins\premium-addons-for-elementor\widgets\premium-pricing-table.php on line 4

2019-05-11T12:36:06+00:00 CRITICAL Maximum execution time of 30 seconds exceeded in C:\xampp\htdocs\wp\wp-content\plugins\contact-form-7\modules\acceptance.php on line 8

2019-05-11T12:36:07+00:00 CRITICAL Maximum execution time of 30 seconds exceeded in C:\xampp\htdocs\wp\wp-content\plugins\contact-form-7\modules\checkbox.php on line 8

2019-05-11T12:36:41+00:00 CRITICAL Maximum execution time of 30 seconds exceeded in C:\xampp\htdocs\wp\wp-content\plugins\elementor\includes\widgets\common.php on line 4

2019-05-11T13:20:57+00:00 CRITICAL Maximum execution time of 30 seconds exceeded in C:\xampp\htdocs\wp\wp-content\plugins\contact-form-7\modules\quiz.php on line 8

2019-05-11T13:21:27+00:00 CRITICAL Maximum execution time of 30 seconds exceeded in C:\xampp\htdocs\wp\wp-content\plugins\woocommerce\includes\admin\marketplace-suggestions\class-wc-marketplace-suggestions.php on line 16

2019-05-11T13:21:41+00:00 CRITICAL Maximum execution time of 30 seconds exceeded in C:\xampp\htdocs\wp\wp-includes\Requests\Transport\cURL.php on line 463

2019-05-11T13:24:38+00:00 CRITICAL Maximum execution time of 30 seconds exceeded in C:\xampp\htdocs\wp\wp-content\plugins\woocommerce\includes\tracks\events\class-wc-admin-setup-wizard-tracking.php on line 13

2019-05-11T13:24:40+00:00 CRITICAL Maximum execution time of 30 seconds exceeded in C:\xampp\htdocs\wp\wp-admin\custom-header.php on line 14

2019-05-11T13:24:45+00:00 CRITICAL Maximum execution time of 30 seconds exceeded in C:\xampp\htdocs\wp\wp-includes\wp-db.php on line 2007

2019-05-11T13:25:40+00:00 CRITICAL Maximum execution time of 30 seconds exceeded in C:\xampp\htdocs\wp\wp-content\plugins\essential-addons-for-elementor-lite\elements\Eael_Testimonial.php on line 5

